[2022-01-20 14:00:29] app.INFO: Protect vendor folder in module contactform [] []
[2022-01-20 14:00:29] app.INFO: Module contactform has no vendor folder [] []
[2022-01-20 14:00:29] app.INFO: Protect vendor folder in module dashactivity [] []
[2022-01-20 14:00:29] app.INFO: Module dashactivity has no vendor folder [] []
[2022-01-20 14:00:29] app.INFO: Protect vendor folder in module dashtrends [] []
[2022-01-20 14:00:29] app.INFO: Module dashtrends has no vendor folder [] []
[2022-01-20 14:00:29] app.INFO: Protect vendor folder in module dashgoals [] []
[2022-01-20 14:00:29] app.INFO: Module dashgoals has no vendor folder [] []
[2022-01-20 14:00:29] app.INFO: Protect vendor folder in module dashproducts [] []
[2022-01-20 14:00:29] app.INFO: Module dashproducts has no vendor folder [] []
[2022-01-20 14:00:29] app.INFO: Protect vendor folder in module graphnvd3 [] []
[2022-01-20 14:00:29] app.INFO: Module graphnvd3 has no vendor folder [] []
[2022-01-20 14:00:29] app.INFO: Protect vendor folder in module gridhtml [] []
[2022-01-20 14:00:29] app.INFO: Module gridhtml has no vendor folder [] []
[2022-01-20 14:00:29] app.INFO: Protect vendor folder in module gsitemap [] []
[2022-01-20 14:00:29] app.INFO: Module gsitemap has no vendor folder [] []
[2022-01-20 14:00:29] app.INFO: Protect vendor folder in module ps_banner [] []
[2022-01-20 14:00:29] app.INFO: Module ps_banner has no vendor folder [] []
[2022-01-20 14:00:29] app.INFO: Protect vendor folder in module ps_categorytree [] []
[2022-01-20 14:00:29] app.INFO: Module ps_categorytree has no vendor folder [] []
[2022-01-20 14:00:30] app.INFO: Protect vendor folder in module ps_checkpayment [] []
[2022-01-20 14:00:30] app.INFO: Module ps_checkpayment has no vendor folder [] []
[2022-01-20 14:00:30] app.INFO: Protect vendor folder in module ps_contactinfo [] []
[2022-01-20 14:00:30] app.INFO: Module ps_contactinfo has no vendor folder [] []
[2022-01-20 14:00:30] app.INFO: Protect vendor folder in module ps_currencyselector [] []
[2022-01-20 14:00:30] app.INFO: Module ps_currencyselector has no vendor folder [] []
[2022-01-20 14:00:30] app.INFO: Protect vendor folder in module ps_customeraccountlinks [] []
[2022-01-20 14:00:30] app.INFO: Module ps_customeraccountlinks has no vendor folder [] []
[2022-01-20 14:00:30] app.INFO: Protect vendor folder in module ps_customersignin [] []
[2022-01-20 14:00:30] app.INFO: Module ps_customersignin has no vendor folder [] []
[2022-01-20 14:00:30] app.INFO: Protect vendor folder in module ps_customtext [] []
[2022-01-20 14:00:30] app.INFO: Module ps_customtext has no vendor folder [] []
[2022-01-20 14:00:30] app.INFO: Protect vendor folder in module ps_emailsubscription [] []
[2022-01-20 14:00:30] app.INFO: Module ps_emailsubscription has no vendor folder [] []
[2022-01-20 14:00:31] app.INFO: Protect vendor folder in module ps_facetedsearch [] []
[2022-01-20 14:00:31] app.INFO: Module ps_facetedsearch has no vendor folder [] []
[2022-01-20 14:00:31] app.INFO: Protect vendor folder in module ps_faviconnotificationbo [] []
[2022-01-20 14:00:31] app.INFO: Module ps_faviconnotificationbo has no vendor folder [] []
[2022-01-20 14:00:31] app.INFO: Protect vendor folder in module ps_featuredproducts [] []
[2022-01-20 14:00:31] app.INFO: Module ps_featuredproducts has no vendor folder [] []
[2022-01-20 14:00:31] app.INFO: Protect vendor folder in module ps_imageslider [] []
[2022-01-20 14:00:31] app.INFO: Module ps_imageslider has no vendor folder [] []
[2022-01-20 14:00:31] app.INFO: Protect vendor folder in module ps_languageselector [] []
[2022-01-20 14:00:31] app.INFO: Module ps_languageselector has no vendor folder [] []
[2022-01-20 14:00:31] app.INFO: Protect vendor folder in module ps_linklist [] []
[2022-01-20 14:00:31] app.INFO: Module ps_linklist has no vendor folder [] []
[2022-01-20 14:00:31] app.ERROR: Class "AdminLinkWidgetController" not found in controllers/admin [] []
[2022-01-20 14:00:32] app.INFO: Protect vendor folder in module ps_mainmenu [] []
[2022-01-20 14:00:32] app.INFO: Module ps_mainmenu has no vendor folder [] []
[2022-01-20 14:00:32] app.INFO: Protect vendor folder in module ps_searchbar [] []
[2022-01-20 14:00:32] app.INFO: Module ps_searchbar has no vendor folder [] []
[2022-01-20 14:00:32] app.INFO: Protect vendor folder in module ps_sharebuttons [] []
[2022-01-20 14:00:32] app.INFO: Module ps_sharebuttons has no vendor folder [] []
[2022-01-20 14:00:32] app.INFO: Protect vendor folder in module ps_shoppingcart [] []
[2022-01-20 14:00:32] app.INFO: Module ps_shoppingcart has no vendor folder [] []
[2022-01-20 14:00:32] app.INFO: Protect vendor folder in module ps_socialfollow [] []
[2022-01-20 14:00:32] app.INFO: Module ps_socialfollow has no vendor folder [] []
[2022-01-20 14:00:32] app.INFO: Protect vendor folder in module ps_themecusto [] []
[2022-01-20 14:00:32] app.INFO: Module ps_themecusto has no vendor folder [] []
[2022-01-20 14:00:32] app.INFO: Protect vendor folder in module ps_wirepayment [] []
[2022-01-20 14:00:32] app.INFO: Module ps_wirepayment has no vendor folder [] []
[2022-01-20 14:00:32] app.INFO: Protect vendor folder in module pagesnotfound [] []
[2022-01-20 14:00:32] app.INFO: Module pagesnotfound has no vendor folder [] []
[2022-01-20 14:00:32] app.INFO: Protect vendor folder in module sekeywords [] []
[2022-01-20 14:00:32] app.INFO: Module sekeywords has no vendor folder [] []
[2022-01-20 14:00:32] app.INFO: Protect vendor folder in module statsbestcategories [] []
[2022-01-20 14:00:32] app.INFO: Module statsbestcategories has no vendor folder [] []
[2022-01-20 14:00:32] app.INFO: Protect vendor folder in module statsbestcustomers [] []
[2022-01-20 14:00:32] app.INFO: Module statsbestcustomers has no vendor folder [] []
[2022-01-20 14:00:32] app.INFO: Protect vendor folder in module statsbestproducts [] []
[2022-01-20 14:00:32] app.INFO: Module statsbestproducts has no vendor folder [] []
[2022-01-20 14:00:32] app.INFO: Protect vendor folder in module statsbestsuppliers [] []
[2022-01-20 14:00:32] app.INFO: Module statsbestsuppliers has no vendor folder [] []
[2022-01-20 14:00:32] app.INFO: Protect vendor folder in module statsbestvouchers [] []
[2022-01-20 14:00:32] app.INFO: Module statsbestvouchers has no vendor folder [] []
[2022-01-20 14:00:32] app.INFO: Protect vendor folder in module statscarrier [] []
[2022-01-20 14:00:32] app.INFO: Module statscarrier has no vendor folder [] []
[2022-01-20 14:00:32] app.INFO: Protect vendor folder in module statscatalog [] []
[2022-01-20 14:00:32] app.INFO: Module statscatalog has no vendor folder [] []
[2022-01-20 14:00:32] app.INFO: Protect vendor folder in module statscheckup [] []
[2022-01-20 14:00:32] app.INFO: Module statscheckup has no vendor folder [] []
[2022-01-20 14:00:32] app.INFO: Protect vendor folder in module statsdata [] []
[2022-01-20 14:00:32] app.INFO: Module statsdata has no vendor folder [] []
[2022-01-20 14:00:32] app.INFO: Protect vendor folder in module statsequipment [] []
[2022-01-20 14:00:32] app.INFO: Module statsequipment has no vendor folder [] []
[2022-01-20 14:00:32] app.INFO: Protect vendor folder in module statsforecast [] []
[2022-01-20 14:00:32] app.INFO: Module statsforecast has no vendor folder [] []
[2022-01-20 14:00:32] app.INFO: Protect vendor folder in module statslive [] []
[2022-01-20 14:00:32] app.INFO: Module statslive has no vendor folder [] []
[2022-01-20 14:00:33] app.INFO: Protect vendor folder in module statsnewsletter [] []
[2022-01-20 14:00:33] app.INFO: Module statsnewsletter has no vendor folder [] []
[2022-01-20 14:00:33] app.INFO: Protect vendor folder in module statsorigin [] []
[2022-01-20 14:00:33] app.INFO: Module statsorigin has no vendor folder [] []
[2022-01-20 14:00:33] app.INFO: Protect vendor folder in module statspersonalinfos [] []
[2022-01-20 14:00:33] app.INFO: Module statspersonalinfos has no vendor folder [] []
[2022-01-20 14:00:33] app.INFO: Protect vendor folder in module statsproduct [] []
[2022-01-20 14:00:33] app.INFO: Module statsproduct has no vendor folder [] []
[2022-01-20 14:00:33] app.INFO: Protect vendor folder in module statsregistrations [] []
[2022-01-20 14:00:33] app.INFO: Module statsregistrations has no vendor folder [] []
[2022-01-20 14:00:33] app.INFO: Protect vendor folder in module statssales [] []
[2022-01-20 14:00:33] app.INFO: Module statssales has no vendor folder [] []
[2022-01-20 14:00:33] app.INFO: Protect vendor folder in module statssearch [] []
[2022-01-20 14:00:33] app.INFO: Module statssearch has no vendor folder [] []
[2022-01-20 14:00:33] app.INFO: Protect vendor folder in module statsstock [] []
[2022-01-20 14:00:33] app.INFO: Module statsstock has no vendor folder [] []
[2022-01-20 14:00:33] app.INFO: Protect vendor folder in module statsvisits [] []
[2022-01-20 14:00:33] app.INFO: Module statsvisits has no vendor folder [] []
[2022-01-20 14:00:33] app.INFO: Protect vendor folder in module welcome [] []
[2022-01-20 14:00:35] app.INFO: Exporting mail with theme modern for language English (English) [] []
[2022-01-20 14:00:35] app.INFO: Core output folder: C:\laragon\www\presta176/mails [] []
[2022-01-20 14:00:35] app.INFO: Modules output folder: C:\laragon\www\presta176/modules/ [] []
[2022-01-20 14:00:36] app.INFO: Exporting mail with theme modern for language ελληνικά (Greek) [] []
[2022-01-20 14:00:36] app.INFO: Core output folder: C:\laragon\www\presta176/mails [] []
[2022-01-20 14:00:36] app.INFO: Modules output folder: C:\laragon\www\presta176/modules/ [] []
[2022-01-20 16:05:05] request.INFO: Matched route "admin_module_updates". {"route":"admin_module_updates","route_parameters":{"_controller":"PrestaShopBundle\\Controller\\Admin\\Improve\\Modules\\UpdatesController::indexAction","_legacy_controller":"AdminModulesUpdates","_legacy_link":"AdminModulesUpdates","_route":"admin_module_updates"},"request_uri":"http://localhost/presta176/prestadmin/index.php/improve/modules/updates?_token=kPPaz4dgXlgAk5XbcHT5btPpEoKKQoRZrnhZzDlvoIU","method":"GET"} []
[2022-01-20 16:05:05] security.DEBUG: Read existing security token from the session. {"key":"_security_main","token_class":"Symfony\\Component\\Security\\Core\\Authentication\\Token\\UsernamePasswordToken"} []
[2022-01-20 16:05:05] security.DEBUG: User was reloaded from a user provider. {"provider":"PrestaShopBundle\\Security\\Admin\\EmployeeProvider","username":"olonir@hotmail.com"} []
[2022-01-20 16:05:07] app.ERROR: Data from PrestaShop Addons is invalid, and cannot fallback on cache.  {"exception":"Client error response [url] https://api-addons.prestashop.com?format=json&iso_lang=en&iso_code=GR&version=1.7.6.7&shop_url=http%3A%2F%2Flocalhost&method=listing&action=customer&username=olonir%40hotmail.com&password=demodemo [status code] 400 [reason phrase] Bad Request"} []
[2022-01-20 16:05:07] security.DEBUG: Stored the security token in the session. {"key":"_security_main"} []
[2022-01-20 16:05:08] request.INFO: Matched route "admin_module_notification_count". {"route":"admin_module_notification_count","route_parameters":{"_controller":"PrestaShopBundle\\Controller\\Admin\\Improve\\Modules\\AlertsController::notificationsCountAction","_legacy_controller":"AdminModulesNotifications","_legacy_link":"AdminModulesNotifications:count","_route":"admin_module_notification_count"},"request_uri":"http://localhost/presta176/prestadmin/index.php/improve/modules/alerts/count?_token=kPPaz4dgXlgAk5XbcHT5btPpEoKKQoRZrnhZzDlvoIU","method":"GET"} []
[2022-01-20 16:05:08] security.DEBUG: Read existing security token from the session. {"key":"_security_main","token_class":"Symfony\\Component\\Security\\Core\\Authentication\\Token\\UsernamePasswordToken"} []
[2022-01-20 16:05:08] security.DEBUG: User was reloaded from a user provider. {"provider":"PrestaShopBundle\\Security\\Admin\\EmployeeProvider","username":"olonir@hotmail.com"} []
[2022-01-20 16:05:08] app.ERROR: Data from PrestaShop Addons is invalid, and cannot fallback on cache.  {"exception":"Client error response [url] https://api-addons.prestashop.com?format=json&iso_lang=en&iso_code=GR&version=1.7.6.7&shop_url=http%3A%2F%2Flocalhost&method=listing&action=customer&username=olonir%40hotmail.com&password=demodemo [status code] 400 [reason phrase] Bad Request"} []
[2022-01-20 16:05:08] security.DEBUG: Stored the security token in the session. {"key":"_security_main"} []
[2022-01-20 16:05:13] request.INFO: Matched route "admin_module_notification". {"route":"admin_module_notification","route_parameters":{"_controller":"PrestaShopBundle\\Controller\\Admin\\Improve\\Modules\\AlertsController::indexAction","_legacy_controller":"AdminModulesNotifications","_legacy_link":"AdminModulesNotifications","_route":"admin_module_notification"},"request_uri":"http://localhost/presta176/prestadmin/index.php/improve/modules/alerts?_token=kPPaz4dgXlgAk5XbcHT5btPpEoKKQoRZrnhZzDlvoIU","method":"GET"} []
[2022-01-20 16:05:13] security.DEBUG: Read existing security token from the session. {"key":"_security_main","token_class":"Symfony\\Component\\Security\\Core\\Authentication\\Token\\UsernamePasswordToken"} []
[2022-01-20 16:05:13] security.DEBUG: User was reloaded from a user provider. {"provider":"PrestaShopBundle\\Security\\Admin\\EmployeeProvider","username":"olonir@hotmail.com"} []
[2022-01-20 16:05:13] app.ERROR: Data from PrestaShop Addons is invalid, and cannot fallback on cache.  {"exception":"Client error response [url] https://api-addons.prestashop.com?format=json&iso_lang=en&iso_code=GR&version=1.7.6.7&shop_url=http%3A%2F%2Flocalhost&method=listing&action=customer&username=olonir%40hotmail.com&password=demodemo [status code] 400 [reason phrase] Bad Request"} []
[2022-01-20 16:05:13] security.DEBUG: Stored the security token in the session. {"key":"_security_main"} []
[2022-01-20 16:05:14] request.INFO: Matched route "admin_module_notification_count". {"route":"admin_module_notification_count","route_parameters":{"_controller":"PrestaShopBundle\\Controller\\Admin\\Improve\\Modules\\AlertsController::notificationsCountAction","_legacy_controller":"AdminModulesNotifications","_legacy_link":"AdminModulesNotifications:count","_route":"admin_module_notification_count"},"request_uri":"http://localhost/presta176/prestadmin/index.php/improve/modules/alerts/count?_token=kPPaz4dgXlgAk5XbcHT5btPpEoKKQoRZrnhZzDlvoIU","method":"GET"} []
[2022-01-20 16:05:14] security.DEBUG: Read existing security token from the session. {"key":"_security_main","token_class":"Symfony\\Component\\Security\\Core\\Authentication\\Token\\UsernamePasswordToken"} []
[2022-01-20 16:05:14] security.DEBUG: User was reloaded from a user provider. {"provider":"PrestaShopBundle\\Security\\Admin\\EmployeeProvider","username":"olonir@hotmail.com"} []
[2022-01-20 16:05:14] app.ERROR: Data from PrestaShop Addons is invalid, and cannot fallback on cache.  {"exception":"Client error response [url] https://api-addons.prestashop.com?format=json&iso_lang=en&iso_code=GR&version=1.7.6.7&shop_url=http%3A%2F%2Flocalhost&method=listing&action=customer&username=olonir%40hotmail.com&password=demodemo [status code] 400 [reason phrase] Bad Request"} []
[2022-01-20 16:05:15] security.DEBUG: Stored the security token in the session. {"key":"_security_main"} []
[2022-01-20 16:05:15] request.INFO: Matched route "admin_module_manage". {"route":"admin_module_manage","route_parameters":{"category":null,"keyword":null,"_controller":"PrestaShopBundle\\Controller\\Admin\\Improve\\ModuleController::manageAction","_legacy_controller":"AdminModulesManage","_legacy_link":["AdminModulesManage","AdminModulesSf"],"_route":"admin_module_manage"},"request_uri":"http://localhost/presta176/prestadmin/index.php/improve/modules/manage?_token=kPPaz4dgXlgAk5XbcHT5btPpEoKKQoRZrnhZzDlvoIU","method":"GET"} []
[2022-01-20 16:05:15] security.DEBUG: Read existing security token from the session. {"key":"_security_main","token_class":"Symfony\\Component\\Security\\Core\\Authentication\\Token\\UsernamePasswordToken"} []
[2022-01-20 16:05:15] security.DEBUG: User was reloaded from a user provider. {"provider":"PrestaShopBundle\\Security\\Admin\\EmployeeProvider","username":"olonir@hotmail.com"} []
[2022-01-20 16:05:15] app.ERROR: Data from PrestaShop Addons is invalid, and cannot fallback on cache.  {"exception":"Client error response [url] https://api-addons.prestashop.com?format=json&iso_lang=en&iso_code=GR&version=1.7.6.7&shop_url=http%3A%2F%2Flocalhost&method=listing&action=customer&username=olonir%40hotmail.com&password=demodemo [status code] 400 [reason phrase] Bad Request"} []
[2022-01-20 16:05:15] security.DEBUG: Stored the security token in the session. {"key":"_security_main"} []
[2022-01-20 16:05:17] request.INFO: Matched route "admin_module_notification_count". {"route":"admin_module_notification_count","route_parameters":{"_controller":"PrestaShopBundle\\Controller\\Admin\\Improve\\Modules\\AlertsController::notificationsCountAction","_legacy_controller":"AdminModulesNotifications","_legacy_link":"AdminModulesNotifications:count","_route":"admin_module_notification_count"},"request_uri":"http://localhost/presta176/prestadmin/index.php/improve/modules/alerts/count?_token=kPPaz4dgXlgAk5XbcHT5btPpEoKKQoRZrnhZzDlvoIU","method":"GET"} []
[2022-01-20 16:05:17] security.DEBUG: Read existing security token from the session. {"key":"_security_main","token_class":"Symfony\\Component\\Security\\Core\\Authentication\\Token\\UsernamePasswordToken"} []
[2022-01-20 16:05:17] security.DEBUG: User was reloaded from a user provider. {"provider":"PrestaShopBundle\\Security\\Admin\\EmployeeProvider","username":"olonir@hotmail.com"} []
[2022-01-20 16:05:17] app.ERROR: Data from PrestaShop Addons is invalid, and cannot fallback on cache.  {"exception":"Client error response [url] https://api-addons.prestashop.com?format=json&iso_lang=en&iso_code=GR&version=1.7.6.7&shop_url=http%3A%2F%2Flocalhost&method=listing&action=customer&username=olonir%40hotmail.com&password=demodemo [status code] 400 [reason phrase] Bad Request"} []
[2022-01-20 16:05:17] security.DEBUG: Stored the security token in the session. {"key":"_security_main"} []
[2022-01-20 16:05:31] request.INFO: Matched route "admin_module_notification". {"route":"admin_module_notification","route_parameters":{"_controller":"PrestaShopBundle\\Controller\\Admin\\Improve\\Modules\\AlertsController::indexAction","_legacy_controller":"AdminModulesNotifications","_legacy_link":"AdminModulesNotifications","_route":"admin_module_notification"},"request_uri":"http://localhost/presta176/prestadmin/index.php/improve/modules/alerts?_token=kPPaz4dgXlgAk5XbcHT5btPpEoKKQoRZrnhZzDlvoIU","method":"GET"} []
[2022-01-20 16:05:31] security.DEBUG: Read existing security token from the session. {"key":"_security_main","token_class":"Symfony\\Component\\Security\\Core\\Authentication\\Token\\UsernamePasswordToken"} []
[2022-01-20 16:05:31] security.DEBUG: User was reloaded from a user provider. {"provider":"PrestaShopBundle\\Security\\Admin\\EmployeeProvider","username":"olonir@hotmail.com"} []
[2022-01-20 16:05:31] app.ERROR: Data from PrestaShop Addons is invalid, and cannot fallback on cache.  {"exception":"Client error response [url] https://api-addons.prestashop.com?format=json&iso_lang=en&iso_code=GR&version=1.7.6.7&shop_url=http%3A%2F%2Flocalhost&method=listing&action=customer&username=olonir%40hotmail.com&password=demodemo [status code] 400 [reason phrase] Bad Request"} []
[2022-01-20 16:05:31] security.DEBUG: Stored the security token in the session. {"key":"_security_main"} []
[2022-01-20 16:05:33] request.INFO: Matched route "admin_module_notification_count". {"route":"admin_module_notification_count","route_parameters":{"_controller":"PrestaShopBundle\\Controller\\Admin\\Improve\\Modules\\AlertsController::notificationsCountAction","_legacy_controller":"AdminModulesNotifications","_legacy_link":"AdminModulesNotifications:count","_route":"admin_module_notification_count"},"request_uri":"http://localhost/presta176/prestadmin/index.php/improve/modules/alerts/count?_token=kPPaz4dgXlgAk5XbcHT5btPpEoKKQoRZrnhZzDlvoIU","method":"GET"} []
[2022-01-20 16:05:33] security.DEBUG: Read existing security token from the session. {"key":"_security_main","token_class":"Symfony\\Component\\Security\\Core\\Authentication\\Token\\UsernamePasswordToken"} []
[2022-01-20 16:05:33] security.DEBUG: User was reloaded from a user provider. {"provider":"PrestaShopBundle\\Security\\Admin\\EmployeeProvider","username":"olonir@hotmail.com"} []
[2022-01-20 16:05:33] app.ERROR: Data from PrestaShop Addons is invalid, and cannot fallback on cache.  {"exception":"Client error response [url] https://api-addons.prestashop.com?format=json&iso_lang=en&iso_code=GR&version=1.7.6.7&shop_url=http%3A%2F%2Flocalhost&method=listing&action=customer&username=olonir%40hotmail.com&password=demodemo [status code] 400 [reason phrase] Bad Request"} []
[2022-01-20 16:05:34] security.DEBUG: Stored the security token in the session. {"key":"_security_main"} []
[2022-01-20 16:05:33] request.INFO: Matched route "admin_module_catalog_refresh". {"route":"admin_module_catalog_refresh","route_parameters":{"category":null,"keyword":null,"_controller":"PrestaShopBundle\\Controller\\Admin\\Improve\\ModuleController::refreshCatalogAction","_legacy_controller":"AdminModulesCatalog","_legacy_link":"AdminModulesCatalog:refresh","_route":"admin_module_catalog_refresh"},"request_uri":"http://localhost/presta176/prestadmin/index.php/improve/modules/catalog/refresh?_token=kPPaz4dgXlgAk5XbcHT5btPpEoKKQoRZrnhZzDlvoIU","method":"GET"} []
[2022-01-20 16:05:34] security.DEBUG: Read existing security token from the session. {"key":"_security_main","token_class":"Symfony\\Component\\Security\\Core\\Authentication\\Token\\UsernamePasswordToken"} []
[2022-01-20 16:05:34] security.DEBUG: User was reloaded from a user provider. {"provider":"PrestaShopBundle\\Security\\Admin\\EmployeeProvider","username":"olonir@hotmail.com"} []
[2022-01-20 16:05:34] app.ERROR: Data from PrestaShop Addons is invalid, and cannot fallback on cache.  {"exception":"Client error response [url] https://api-addons.prestashop.com?format=json&iso_lang=en&iso_code=GR&version=1.7.6.7&shop_url=http%3A%2F%2Flocalhost&method=listing&action=customer&username=olonir%40hotmail.com&password=demodemo [status code] 400 [reason phrase] Bad Request"} []
[2022-01-20 16:05:34] security.DEBUG: Stored the security token in the session. {"key":"_security_main"} []
[2022-01-20 16:06:04] request.INFO: Matched route "admin_module_catalog_refresh". {"route":"admin_module_catalog_refresh","route_parameters":{"category":null,"keyword":null,"_controller":"PrestaShopBundle\\Controller\\Admin\\Improve\\ModuleController::refreshCatalogAction","_legacy_controller":"AdminModulesCatalog","_legacy_link":"AdminModulesCatalog:refresh","_route":"admin_module_catalog_refresh"},"request_uri":"http://localhost/presta176/prestadmin/index.php/improve/modules/catalog/refresh?_token=kPPaz4dgXlgAk5XbcHT5btPpEoKKQoRZrnhZzDlvoIU","method":"GET"} []
[2022-01-20 16:06:04] security.DEBUG: Read existing security token from the session. {"key":"_security_main","token_class":"Symfony\\Component\\Security\\Core\\Authentication\\Token\\UsernamePasswordToken"} []
[2022-01-20 16:06:04] security.DEBUG: User was reloaded from a user provider. {"provider":"PrestaShopBundle\\Security\\Admin\\EmployeeProvider","username":"olonir@hotmail.com"} []
[2022-01-20 16:06:05] app.ERROR: Data from PrestaShop Addons is invalid, and cannot fallback on cache.  {"exception":"Client error response [url] https://api-addons.prestashop.com?format=json&iso_lang=en&iso_code=GR&version=1.7.6.7&shop_url=http%3A%2F%2Flocalhost&method=listing&action=customer&username=olonir%40hotmail.com&password=demodemo [status code] 400 [reason phrase] Bad Request"} []
[2022-01-20 16:06:05] security.DEBUG: Stored the security token in the session. {"key":"_security_main"} []
[2022-01-20 16:06:04] request.INFO: Matched route "admin_module_notification_count". {"route":"admin_module_notification_count","route_parameters":{"_controller":"PrestaShopBundle\\Controller\\Admin\\Improve\\Modules\\AlertsController::notificationsCountAction","_legacy_controller":"AdminModulesNotifications","_legacy_link":"AdminModulesNotifications:count","_route":"admin_module_notification_count"},"request_uri":"http://localhost/presta176/prestadmin/index.php/improve/modules/alerts/count?_token=kPPaz4dgXlgAk5XbcHT5btPpEoKKQoRZrnhZzDlvoIU","method":"GET"} []
[2022-01-20 16:06:05] security.DEBUG: Read existing security token from the session. {"key":"_security_main","token_class":"Symfony\\Component\\Security\\Core\\Authentication\\Token\\UsernamePasswordToken"} []
[2022-01-20 16:06:05] security.DEBUG: User was reloaded from a user provider. {"provider":"PrestaShopBundle\\Security\\Admin\\EmployeeProvider","username":"olonir@hotmail.com"} []
[2022-01-20 16:06:05] app.ERROR: Data from PrestaShop Addons is invalid, and cannot fallback on cache.  {"exception":"Client error response [url] https://api-addons.prestashop.com?format=json&iso_lang=en&iso_code=GR&version=1.7.6.7&shop_url=http%3A%2F%2Flocalhost&method=listing&action=customer&username=olonir%40hotmail.com&password=demodemo [status code] 400 [reason phrase] Bad Request"} []
[2022-01-20 16:06:06] security.DEBUG: Stored the security token in the session. {"key":"_security_main"} []
[2022-01-20 16:06:05] request.INFO: Matched route "admin_module_manage". {"route":"admin_module_manage","route_parameters":{"category":null,"keyword":null,"_controller":"PrestaShopBundle\\Controller\\Admin\\Improve\\ModuleController::manageAction","_legacy_controller":"AdminModulesManage","_legacy_link":["AdminModulesManage","AdminModulesSf"],"_route":"admin_module_manage"},"request_uri":"http://localhost/presta176/prestadmin/index.php/improve/modules/manage?_token=kPPaz4dgXlgAk5XbcHT5btPpEoKKQoRZrnhZzDlvoIU","method":"GET"} []
[2022-01-20 16:06:06] security.DEBUG: Read existing security token from the session. {"key":"_security_main","token_class":"Symfony\\Component\\Security\\Core\\Authentication\\Token\\UsernamePasswordToken"} []
[2022-01-20 16:06:06] security.DEBUG: User was reloaded from a user provider. {"provider":"PrestaShopBundle\\Security\\Admin\\EmployeeProvider","username":"olonir@hotmail.com"} []
[2022-01-20 16:06:06] app.ERROR: Data from PrestaShop Addons is invalid, and cannot fallback on cache.  {"exception":"Client error response [url] https://api-addons.prestashop.com?format=json&iso_lang=en&iso_code=GR&version=1.7.6.7&shop_url=http%3A%2F%2Flocalhost&method=listing&action=customer&username=olonir%40hotmail.com&password=demodemo [status code] 400 [reason phrase] Bad Request"} []
[2022-01-20 16:06:06] security.DEBUG: Stored the security token in the session. {"key":"_security_main"} []
[2022-01-20 16:06:07] request.INFO: Matched route "admin_module_notification_count". {"route":"admin_module_notification_count","route_parameters":{"_controller":"PrestaShopBundle\\Controller\\Admin\\Improve\\Modules\\AlertsController::notificationsCountAction","_legacy_controller":"AdminModulesNotifications","_legacy_link":"AdminModulesNotifications:count","_route":"admin_module_notification_count"},"request_uri":"http://localhost/presta176/prestadmin/index.php/improve/modules/alerts/count?_token=kPPaz4dgXlgAk5XbcHT5btPpEoKKQoRZrnhZzDlvoIU","method":"GET"} []
[2022-01-20 16:06:07] security.DEBUG: Read existing security token from the session. {"key":"_security_main","token_class":"Symfony\\Component\\Security\\Core\\Authentication\\Token\\UsernamePasswordToken"} []
[2022-01-20 16:06:07] security.DEBUG: User was reloaded from a user provider. {"provider":"PrestaShopBundle\\Security\\Admin\\EmployeeProvider","username":"olonir@hotmail.com"} []
[2022-01-20 16:06:08] app.ERROR: Data from PrestaShop Addons is invalid, and cannot fallback on cache.  {"exception":"Client error response [url] https://api-addons.prestashop.com?format=json&iso_lang=en&iso_code=GR&version=1.7.6.7&shop_url=http%3A%2F%2Flocalhost&method=listing&action=customer&username=olonir%40hotmail.com&password=demodemo [status code] 400 [reason phrase] Bad Request"} []
[2022-01-20 16:06:08] security.DEBUG: Stored the security token in the session. {"key":"_security_main"} []
[2022-01-20 16:06:50] request.INFO: Matched route "admin_module_notification". {"route":"admin_module_notification","route_parameters":{"_controller":"PrestaShopBundle\\Controller\\Admin\\Improve\\Modules\\AlertsController::indexAction","_legacy_controller":"AdminModulesNotifications","_legacy_link":"AdminModulesNotifications","_route":"admin_module_notification"},"request_uri":"http://localhost/presta176/prestadmin/index.php/improve/modules/alerts?_token=kPPaz4dgXlgAk5XbcHT5btPpEoKKQoRZrnhZzDlvoIU","method":"GET"} []
[2022-01-20 16:06:50] security.DEBUG: Read existing security token from the session. {"key":"_security_main","token_class":"Symfony\\Component\\Security\\Core\\Authentication\\Token\\UsernamePasswordToken"} []
[2022-01-20 16:06:50] security.DEBUG: User was reloaded from a user provider. {"provider":"PrestaShopBundle\\Security\\Admin\\EmployeeProvider","username":"olonir@hotmail.com"} []
[2022-01-20 16:06:50] app.ERROR: Data from PrestaShop Addons is invalid, and cannot fallback on cache.  {"exception":"Client error response [url] https://api-addons.prestashop.com?format=json&iso_lang=en&iso_code=GR&version=1.7.6.7&shop_url=http%3A%2F%2Flocalhost&method=listing&action=customer&username=olonir%40hotmail.com&password=demodemo [status code] 400 [reason phrase] Bad Request"} []
[2022-01-20 16:06:51] security.DEBUG: Stored the security token in the session. {"key":"_security_main"} []
[2022-01-20 16:06:51] request.INFO: Matched route "admin_module_notification_count". {"route":"admin_module_notification_count","route_parameters":{"_controller":"PrestaShopBundle\\Controller\\Admin\\Improve\\Modules\\AlertsController::notificationsCountAction","_legacy_controller":"AdminModulesNotifications","_legacy_link":"AdminModulesNotifications:count","_route":"admin_module_notification_count"},"request_uri":"http://localhost/presta176/prestadmin/index.php/improve/modules/alerts/count?_token=kPPaz4dgXlgAk5XbcHT5btPpEoKKQoRZrnhZzDlvoIU","method":"GET"} []
[2022-01-20 16:06:51] security.DEBUG: Read existing security token from the session. {"key":"_security_main","token_class":"Symfony\\Component\\Security\\Core\\Authentication\\Token\\UsernamePasswordToken"} []
[2022-01-20 16:06:51] security.DEBUG: User was reloaded from a user provider. {"provider":"PrestaShopBundle\\Security\\Admin\\EmployeeProvider","username":"olonir@hotmail.com"} []
[2022-01-20 16:06:52] app.ERROR: Data from PrestaShop Addons is invalid, and cannot fallback on cache.  {"exception":"Client error response [url] https://api-addons.prestashop.com?format=json&iso_lang=en&iso_code=GR&version=1.7.6.7&shop_url=http%3A%2F%2Flocalhost&method=listing&action=customer&username=olonir%40hotmail.com&password=demodemo [status code] 400 [reason phrase] Bad Request"} []
[2022-01-20 16:06:52] security.DEBUG: Stored the security token in the session. {"key":"_security_main"} []
[2022-01-20 16:06:58] request.INFO: Matched route "admin_module_updates". {"route":"admin_module_updates","route_parameters":{"_controller":"PrestaShopBundle\\Controller\\Admin\\Improve\\Modules\\UpdatesController::indexAction","_legacy_controller":"AdminModulesUpdates","_legacy_link":"AdminModulesUpdates","_route":"admin_module_updates"},"request_uri":"http://localhost/presta176/prestadmin/index.php/improve/modules/updates?_token=kPPaz4dgXlgAk5XbcHT5btPpEoKKQoRZrnhZzDlvoIU","method":"GET"} []
[2022-01-20 16:06:58] security.DEBUG: Read existing security token from the session. {"key":"_security_main","token_class":"Symfony\\Component\\Security\\Core\\Authentication\\Token\\UsernamePasswordToken"} []
[2022-01-20 16:06:58] security.DEBUG: User was reloaded from a user provider. {"provider":"PrestaShopBundle\\Security\\Admin\\EmployeeProvider","username":"olonir@hotmail.com"} []
[2022-01-20 16:06:58] app.ERROR: Data from PrestaShop Addons is invalid, and cannot fallback on cache.  {"exception":"Client error response [url] https://api-addons.prestashop.com?format=json&iso_lang=en&iso_code=GR&version=1.7.6.7&shop_url=http%3A%2F%2Flocalhost&method=listing&action=customer&username=olonir%40hotmail.com&password=demodemo [status code] 400 [reason phrase] Bad Request"} []
[2022-01-20 16:06:59] security.DEBUG: Stored the security token in the session. {"key":"_security_main"} []
[2022-01-20 16:06:59] request.INFO: Matched route "admin_module_notification_count". {"route":"admin_module_notification_count","route_parameters":{"_controller":"PrestaShopBundle\\Controller\\Admin\\Improve\\Modules\\AlertsController::notificationsCountAction","_legacy_controller":"AdminModulesNotifications","_legacy_link":"AdminModulesNotifications:count","_route":"admin_module_notification_count"},"request_uri":"http://localhost/presta176/prestadmin/index.php/improve/modules/alerts/count?_token=kPPaz4dgXlgAk5XbcHT5btPpEoKKQoRZrnhZzDlvoIU","method":"GET"} []
[2022-01-20 16:07:00] security.DEBUG: Read existing security token from the session. {"key":"_security_main","token_class":"Symfony\\Component\\Security\\Core\\Authentication\\Token\\UsernamePasswordToken"} []
[2022-01-20 16:07:00] security.DEBUG: User was reloaded from a user provider. {"provider":"PrestaShopBundle\\Security\\Admin\\EmployeeProvider","username":"olonir@hotmail.com"} []
[2022-01-20 16:07:00] app.ERROR: Data from PrestaShop Addons is invalid, and cannot fallback on cache.  {"exception":"Client error response [url] https://api-addons.prestashop.com?format=json&iso_lang=en&iso_code=GR&version=1.7.6.7&shop_url=http%3A%2F%2Flocalhost&method=listing&action=customer&username=olonir%40hotmail.com&password=demodemo [status code] 400 [reason phrase] Bad Request"} []
[2022-01-20 16:07:00] security.DEBUG: Stored the security token in the session. {"key":"_security_main"} []
[2022-01-20 16:09:11] request.INFO: Matched route "admin_module_manage". {"route":"admin_module_manage","route_parameters":{"category":null,"keyword":null,"_controller":"PrestaShopBundle\\Controller\\Admin\\Improve\\ModuleController::manageAction","_legacy_controller":"AdminModulesManage","_legacy_link":["AdminModulesManage","AdminModulesSf"],"_route":"admin_module_manage"},"request_uri":"http://localhost/presta176/prestadmin/index.php/improve/modules/manage?_token=kPPaz4dgXlgAk5XbcHT5btPpEoKKQoRZrnhZzDlvoIU","method":"GET"} []
[2022-01-20 16:09:11] security.DEBUG: Read existing security token from the session. {"key":"_security_main","token_class":"Symfony\\Component\\Security\\Core\\Authentication\\Token\\UsernamePasswordToken"} []
[2022-01-20 16:09:11] security.DEBUG: User was reloaded from a user provider. {"provider":"PrestaShopBundle\\Security\\Admin\\EmployeeProvider","username":"olonir@hotmail.com"} []
[2022-01-20 16:09:12] app.ERROR: Data from PrestaShop Addons is invalid, and cannot fallback on cache.  {"exception":"Client error response [url] https://api-addons.prestashop.com?format=json&iso_lang=en&iso_code=GR&version=1.7.6.7&shop_url=http%3A%2F%2Flocalhost&method=listing&action=customer&username=olonir%40hotmail.com&password=demodemo [status code] 400 [reason phrase] Bad Request"} []
[2022-01-20 16:09:12] security.DEBUG: Stored the security token in the session. {"key":"_security_main"} []
[2022-01-20 16:09:13] request.INFO: Matched route "admin_module_notification_count". {"route":"admin_module_notification_count","route_parameters":{"_controller":"PrestaShopBundle\\Controller\\Admin\\Improve\\Modules\\AlertsController::notificationsCountAction","_legacy_controller":"AdminModulesNotifications","_legacy_link":"AdminModulesNotifications:count","_route":"admin_module_notification_count"},"request_uri":"http://localhost/presta176/prestadmin/index.php/improve/modules/alerts/count?_token=kPPaz4dgXlgAk5XbcHT5btPpEoKKQoRZrnhZzDlvoIU","method":"GET"} []
[2022-01-20 16:09:14] security.DEBUG: Read existing security token from the session. {"key":"_security_main","token_class":"Symfony\\Component\\Security\\Core\\Authentication\\Token\\UsernamePasswordToken"} []
[2022-01-20 16:09:14] security.DEBUG: User was reloaded from a user provider. {"provider":"PrestaShopBundle\\Security\\Admin\\EmployeeProvider","username":"olonir@hotmail.com"} []
[2022-01-20 16:09:14] app.ERROR: Data from PrestaShop Addons is invalid, and cannot fallback on cache.  {"exception":"Client error response [url] https://api-addons.prestashop.com?format=json&iso_lang=en&iso_code=GR&version=1.7.6.7&shop_url=http%3A%2F%2Flocalhost&method=listing&action=customer&username=olonir%40hotmail.com&password=demodemo [status code] 400 [reason phrase] Bad Request"} []
[2022-01-20 16:09:14] security.DEBUG: Stored the security token in the session. {"key":"_security_main"} []
[2022-01-20 16:09:23] request.INFO: Matched route "admin_module_notification". {"route":"admin_module_notification","route_parameters":{"_controller":"PrestaShopBundle\\Controller\\Admin\\Improve\\Modules\\AlertsController::indexAction","_legacy_controller":"AdminModulesNotifications","_legacy_link":"AdminModulesNotifications","_route":"admin_module_notification"},"request_uri":"http://localhost/presta176/prestadmin/index.php/improve/modules/alerts?_token=kPPaz4dgXlgAk5XbcHT5btPpEoKKQoRZrnhZzDlvoIU","method":"GET"} []
[2022-01-20 16:09:23] security.DEBUG: Read existing security token from the session. {"key":"_security_main","token_class":"Symfony\\Component\\Security\\Core\\Authentication\\Token\\UsernamePasswordToken"} []
[2022-01-20 16:09:23] security.DEBUG: User was reloaded from a user provider. {"provider":"PrestaShopBundle\\Security\\Admin\\EmployeeProvider","username":"olonir@hotmail.com"} []
[2022-01-20 16:09:23] app.ERROR: Data from PrestaShop Addons is invalid, and cannot fallback on cache.  {"exception":"Client error response [url] https://api-addons.prestashop.com?format=json&iso_lang=en&iso_code=GR&version=1.7.6.7&shop_url=http%3A%2F%2Flocalhost&method=listing&action=customer&username=olonir%40hotmail.com&password=demodemo [status code] 400 [reason phrase] Bad Request"} []
[2022-01-20 16:09:24] security.DEBUG: Stored the security token in the session. {"key":"_security_main"} []
[2022-01-20 16:09:25] request.INFO: Matched route "admin_module_notification_count". {"route":"admin_module_notification_count","route_parameters":{"_controller":"PrestaShopBundle\\Controller\\Admin\\Improve\\Modules\\AlertsController::notificationsCountAction","_legacy_controller":"AdminModulesNotifications","_legacy_link":"AdminModulesNotifications:count","_route":"admin_module_notification_count"},"request_uri":"http://localhost/presta176/prestadmin/index.php/improve/modules/alerts/count?_token=kPPaz4dgXlgAk5XbcHT5btPpEoKKQoRZrnhZzDlvoIU","method":"GET"} []
[2022-01-20 16:09:25] security.DEBUG: Read existing security token from the session. {"key":"_security_main","token_class":"Symfony\\Component\\Security\\Core\\Authentication\\Token\\UsernamePasswordToken"} []
[2022-01-20 16:09:25] security.DEBUG: User was reloaded from a user provider. {"provider":"PrestaShopBundle\\Security\\Admin\\EmployeeProvider","username":"olonir@hotmail.com"} []
[2022-01-20 16:09:25] app.ERROR: Data from PrestaShop Addons is invalid, and cannot fallback on cache.  {"exception":"Client error response [url] https://api-addons.prestashop.com?format=json&iso_lang=en&iso_code=GR&version=1.7.6.7&shop_url=http%3A%2F%2Flocalhost&method=listing&action=customer&username=olonir%40hotmail.com&password=demodemo [status code] 400 [reason phrase] Bad Request"} []
[2022-01-20 16:09:25] security.DEBUG: Stored the security token in the session. {"key":"_security_main"} []
[2022-01-20 16:09:27] request.INFO: Matched route "admin_module_catalog_refresh". {"route":"admin_module_catalog_refresh","route_parameters":{"category":null,"keyword":null,"_controller":"PrestaShopBundle\\Controller\\Admin\\Improve\\ModuleController::refreshCatalogAction","_legacy_controller":"AdminModulesCatalog","_legacy_link":"AdminModulesCatalog:refresh","_route":"admin_module_catalog_refresh"},"request_uri":"http://localhost/presta176/prestadmin/index.php/improve/modules/catalog/refresh?_token=kPPaz4dgXlgAk5XbcHT5btPpEoKKQoRZrnhZzDlvoIU","method":"GET"} []
[2022-01-20 16:09:27] security.DEBUG: Read existing security token from the session. {"key":"_security_main","token_class":"Symfony\\Component\\Security\\Core\\Authentication\\Token\\UsernamePasswordToken"} []
[2022-01-20 16:09:27] security.DEBUG: User was reloaded from a user provider. {"provider":"PrestaShopBundle\\Security\\Admin\\EmployeeProvider","username":"olonir@hotmail.com"} []
[2022-01-20 16:09:27] app.ERROR: Data from PrestaShop Addons is invalid, and cannot fallback on cache.  {"exception":"Client error response [url] https://api-addons.prestashop.com?format=json&iso_lang=en&iso_code=GR&version=1.7.6.7&shop_url=http%3A%2F%2Flocalhost&method=listing&action=customer&username=olonir%40hotmail.com&password=demodemo [status code] 400 [reason phrase] Bad Request"} []
[2022-01-20 16:09:27] security.DEBUG: Stored the security token in the session. {"key":"_security_main"} []
[2022-01-20 16:09:27] request.INFO: Matched route "admin_module_notification_count". {"route":"admin_module_notification_count","route_parameters":{"_controller":"PrestaShopBundle\\Controller\\Admin\\Improve\\Modules\\AlertsController::notificationsCountAction","_legacy_controller":"AdminModulesNotifications","_legacy_link":"AdminModulesNotifications:count","_route":"admin_module_notification_count"},"request_uri":"http://localhost/presta176/prestadmin/index.php/improve/modules/alerts/count?_token=kPPaz4dgXlgAk5XbcHT5btPpEoKKQoRZrnhZzDlvoIU","method":"GET"} []
[2022-01-20 16:09:28] security.DEBUG: Read existing security token from the session. {"key":"_security_main","token_class":"Symfony\\Component\\Security\\Core\\Authentication\\Token\\UsernamePasswordToken"} []
[2022-01-20 16:09:28] security.DEBUG: User was reloaded from a user provider. {"provider":"PrestaShopBundle\\Security\\Admin\\EmployeeProvider","username":"olonir@hotmail.com"} []
[2022-01-20 16:09:28] app.ERROR: Data from PrestaShop Addons is invalid, and cannot fallback on cache.  {"exception":"Client error response [url] https://api-addons.prestashop.com?format=json&iso_lang=en&iso_code=GR&version=1.7.6.7&shop_url=http%3A%2F%2Flocalhost&method=listing&action=customer&username=olonir%40hotmail.com&password=demodemo [status code] 400 [reason phrase] Bad Request"} []
[2022-01-20 16:09:28] security.DEBUG: Stored the security token in the session. {"key":"_security_main"} []
[2022-01-20 16:09:50] request.INFO: Matched route "admin_module_catalog_refresh". {"route":"admin_module_catalog_refresh","route_parameters":{"category":null,"keyword":null,"_controller":"PrestaShopBundle\\Controller\\Admin\\Improve\\ModuleController::refreshCatalogAction","_legacy_controller":"AdminModulesCatalog","_legacy_link":"AdminModulesCatalog:refresh","_route":"admin_module_catalog_refresh"},"request_uri":"http://localhost/presta176/prestadmin/index.php/improve/modules/catalog/refresh?_token=kPPaz4dgXlgAk5XbcHT5btPpEoKKQoRZrnhZzDlvoIU","method":"GET"} []
[2022-01-20 16:09:50] security.DEBUG: Read existing security token from the session. {"key":"_security_main","token_class":"Symfony\\Component\\Security\\Core\\Authentication\\Token\\UsernamePasswordToken"} []
[2022-01-20 16:09:50] security.DEBUG: User was reloaded from a user provider. {"provider":"PrestaShopBundle\\Security\\Admin\\EmployeeProvider","username":"olonir@hotmail.com"} []
[2022-01-20 16:09:51] app.ERROR: Data from PrestaShop Addons is invalid, and cannot fallback on cache.  {"exception":"Client error response [url] https://api-addons.prestashop.com?format=json&iso_lang=en&iso_code=GR&version=1.7.6.7&shop_url=http%3A%2F%2Flocalhost&method=listing&action=customer&username=olonir%40hotmail.com&password=demodemo [status code] 400 [reason phrase] Bad Request"} []
[2022-01-20 16:09:51] security.DEBUG: Stored the security token in the session. {"key":"_security_main"} []
[2022-01-20 16:09:51] request.INFO: Matched route "admin_module_notification_count". {"route":"admin_module_notification_count","route_parameters":{"_controller":"PrestaShopBundle\\Controller\\Admin\\Improve\\Modules\\AlertsController::notificationsCountAction","_legacy_controller":"AdminModulesNotifications","_legacy_link":"AdminModulesNotifications:count","_route":"admin_module_notification_count"},"request_uri":"http://localhost/presta176/prestadmin/index.php/improve/modules/alerts/count?_token=kPPaz4dgXlgAk5XbcHT5btPpEoKKQoRZrnhZzDlvoIU","method":"GET"} []
[2022-01-20 16:09:51] security.DEBUG: Read existing security token from the session. {"key":"_security_main","token_class":"Symfony\\Component\\Security\\Core\\Authentication\\Token\\UsernamePasswordToken"} []
[2022-01-20 16:09:51] security.DEBUG: User was reloaded from a user provider. {"provider":"PrestaShopBundle\\Security\\Admin\\EmployeeProvider","username":"olonir@hotmail.com"} []
[2022-01-20 16:09:51] app.ERROR: Data from PrestaShop Addons is invalid, and cannot fallback on cache.  {"exception":"Client error response [url] https://api-addons.prestashop.com?format=json&iso_lang=en&iso_code=GR&version=1.7.6.7&shop_url=http%3A%2F%2Flocalhost&method=listing&action=customer&username=olonir%40hotmail.com&password=demodemo [status code] 400 [reason phrase] Bad Request"} []
[2022-01-20 16:09:52] security.DEBUG: Stored the security token in the session. {"key":"_security_main"} []
[2022-01-20 16:14:54] request.INFO: Matched route "admin_module_manage". {"route":"admin_module_manage","route_parameters":{"category":null,"keyword":null,"_controller":"PrestaShopBundle\\Controller\\Admin\\Improve\\ModuleController::manageAction","_legacy_controller":"AdminModulesManage","_legacy_link":["AdminModulesManage","AdminModulesSf"],"_route":"admin_module_manage"},"request_uri":"http://localhost/presta176/prestadmin/index.php/improve/modules/manage?_token=kPPaz4dgXlgAk5XbcHT5btPpEoKKQoRZrnhZzDlvoIU","method":"GET"} []
[2022-01-20 16:14:54] security.DEBUG: Read existing security token from the session. {"key":"_security_main","token_class":"Symfony\\Component\\Security\\Core\\Authentication\\Token\\UsernamePasswordToken"} []
[2022-01-20 16:14:54] security.DEBUG: User was reloaded from a user provider. {"provider":"PrestaShopBundle\\Security\\Admin\\EmployeeProvider","username":"olonir@hotmail.com"} []
[2022-01-20 16:14:54] app.ERROR: Data from PrestaShop Addons is invalid, and cannot fallback on cache.  {"exception":"Client error response [url] https://api-addons.prestashop.com?format=json&iso_lang=en&iso_code=GR&version=1.7.6.7&shop_url=http%3A%2F%2Flocalhost&method=listing&action=customer&username=olonir%40hotmail.com&password=demodemo [status code] 400 [reason phrase] Bad Request"} []
[2022-01-20 16:15:00] security.DEBUG: Stored the security token in the session. {"key":"_security_main"} []
[2022-01-20 16:15:02] request.INFO: Matched route "admin_module_notification_count". {"route":"admin_module_notification_count","route_parameters":{"_controller":"PrestaShopBundle\\Controller\\Admin\\Improve\\Modules\\AlertsController::notificationsCountAction","_legacy_controller":"AdminModulesNotifications","_legacy_link":"AdminModulesNotifications:count","_route":"admin_module_notification_count"},"request_uri":"http://localhost/presta176/prestadmin/index.php/improve/modules/alerts/count?_token=kPPaz4dgXlgAk5XbcHT5btPpEoKKQoRZrnhZzDlvoIU","method":"GET"} []
[2022-01-20 16:15:02] security.DEBUG: Read existing security token from the session. {"key":"_security_main","token_class":"Symfony\\Component\\Security\\Core\\Authentication\\Token\\UsernamePasswordToken"} []
[2022-01-20 16:15:02] security.DEBUG: User was reloaded from a user provider. {"provider":"PrestaShopBundle\\Security\\Admin\\EmployeeProvider","username":"olonir@hotmail.com"} []
[2022-01-20 16:15:02] app.ERROR: Data from PrestaShop Addons is invalid, and cannot fallback on cache.  {"exception":"Client error response [url] https://api-addons.prestashop.com?format=json&iso_lang=en&iso_code=GR&version=1.7.6.7&shop_url=http%3A%2F%2Flocalhost&method=listing&action=customer&username=olonir%40hotmail.com&password=demodemo [status code] 400 [reason phrase] Bad Request"} []
[2022-01-20 16:15:04] security.DEBUG: Stored the security token in the session. {"key":"_security_main"} []
[2022-01-20 16:15:06] request.INFO: Matched route "admin_module_catalog_refresh". {"route":"admin_module_catalog_refresh","route_parameters":{"category":null,"keyword":null,"_controller":"PrestaShopBundle\\Controller\\Admin\\Improve\\ModuleController::refreshCatalogAction","_legacy_controller":"AdminModulesCatalog","_legacy_link":"AdminModulesCatalog:refresh","_route":"admin_module_catalog_refresh"},"request_uri":"http://localhost/presta176/prestadmin/index.php/improve/modules/catalog/refresh?_token=kPPaz4dgXlgAk5XbcHT5btPpEoKKQoRZrnhZzDlvoIU","method":"GET"} []
[2022-01-20 16:15:06] security.DEBUG: Read existing security token from the session. {"key":"_security_main","token_class":"Symfony\\Component\\Security\\Core\\Authentication\\Token\\UsernamePasswordToken"} []
[2022-01-20 16:15:06] security.DEBUG: User was reloaded from a user provider. {"provider":"PrestaShopBundle\\Security\\Admin\\EmployeeProvider","username":"olonir@hotmail.com"} []
[2022-01-20 16:15:06] app.ERROR: Data from PrestaShop Addons is invalid, and cannot fallback on cache.  {"exception":"Client error response [url] https://api-addons.prestashop.com?format=json&iso_lang=en&iso_code=GR&version=1.7.6.7&shop_url=http%3A%2F%2Flocalhost&method=listing&action=customer&username=olonir%40hotmail.com&password=demodemo [status code] 400 [reason phrase] Bad Request"} []
[2022-01-20 16:15:07] security.DEBUG: Stored the security token in the session. {"key":"_security_main"} []
[2022-01-20 16:15:06] request.INFO: Matched route "admin_module_notification_count". {"route":"admin_module_notification_count","route_parameters":{"_controller":"PrestaShopBundle\\Controller\\Admin\\Improve\\Modules\\AlertsController::notificationsCountAction","_legacy_controller":"AdminModulesNotifications","_legacy_link":"AdminModulesNotifications:count","_route":"admin_module_notification_count"},"request_uri":"http://localhost/presta176/prestadmin/index.php/improve/modules/alerts/count?_token=kPPaz4dgXlgAk5XbcHT5btPpEoKKQoRZrnhZzDlvoIU","method":"GET"} []
[2022-01-20 16:15:07] security.DEBUG: Read existing security token from the session. {"key":"_security_main","token_class":"Symfony\\Component\\Security\\Core\\Authentication\\Token\\UsernamePasswordToken"} []
[2022-01-20 16:15:07] security.DEBUG: User was reloaded from a user provider. {"provider":"PrestaShopBundle\\Security\\Admin\\EmployeeProvider","username":"olonir@hotmail.com"} []
[2022-01-20 16:15:07] app.ERROR: Data from PrestaShop Addons is invalid, and cannot fallback on cache.  {"exception":"Client error response [url] https://api-addons.prestashop.com?format=json&iso_lang=en&iso_code=GR&version=1.7.6.7&shop_url=http%3A%2F%2Flocalhost&method=listing&action=customer&username=olonir%40hotmail.com&password=demodemo [status code] 400 [reason phrase] Bad Request"} []
[2022-01-20 16:15:07] security.DEBUG: Stored the security token in the session. {"key":"_security_main"} []
[2022-01-20 16:17:07] request.INFO: Matched route "admin_module_catalog_refresh". {"route":"admin_module_catalog_refresh","route_parameters":{"category":null,"keyword":null,"_controller":"PrestaShopBundle\\Controller\\Admin\\Improve\\ModuleController::refreshCatalogAction","_legacy_controller":"AdminModulesCatalog","_legacy_link":"AdminModulesCatalog:refresh","_route":"admin_module_catalog_refresh"},"request_uri":"http://localhost/presta176/prestadmin/index.php/improve/modules/catalog/refresh?_token=kPPaz4dgXlgAk5XbcHT5btPpEoKKQoRZrnhZzDlvoIU","method":"GET"} []
[2022-01-20 16:17:07] security.DEBUG: Read existing security token from the session. {"key":"_security_main","token_class":"Symfony\\Component\\Security\\Core\\Authentication\\Token\\UsernamePasswordToken"} []
[2022-01-20 16:17:07] security.DEBUG: User was reloaded from a user provider. {"provider":"PrestaShopBundle\\Security\\Admin\\EmployeeProvider","username":"olonir@hotmail.com"} []
[2022-01-20 16:17:07] app.ERROR: Data from PrestaShop Addons is invalid, and cannot fallback on cache.  {"exception":"Client error response [url] https://api-addons.prestashop.com?format=json&iso_lang=en&iso_code=GR&version=1.7.6.7&shop_url=http%3A%2F%2Flocalhost&method=listing&action=customer&username=olonir%40hotmail.com&password=demodemo [status code] 400 [reason phrase] Bad Request"} []
[2022-01-20 16:17:09] security.DEBUG: Stored the security token in the session. {"key":"_security_main"} []
[2022-01-20 16:17:07] request.INFO: Matched route "admin_module_notification_count". {"route":"admin_module_notification_count","route_parameters":{"_controller":"PrestaShopBundle\\Controller\\Admin\\Improve\\Modules\\AlertsController::notificationsCountAction","_legacy_controller":"AdminModulesNotifications","_legacy_link":"AdminModulesNotifications:count","_route":"admin_module_notification_count"},"request_uri":"http://localhost/presta176/prestadmin/index.php/improve/modules/alerts/count?_token=kPPaz4dgXlgAk5XbcHT5btPpEoKKQoRZrnhZzDlvoIU","method":"GET"} []
[2022-01-20 16:17:09] security.DEBUG: Read existing security token from the session. {"key":"_security_main","token_class":"Symfony\\Component\\Security\\Core\\Authentication\\Token\\UsernamePasswordToken"} []
[2022-01-20 16:17:09] security.DEBUG: User was reloaded from a user provider. {"provider":"PrestaShopBundle\\Security\\Admin\\EmployeeProvider","username":"olonir@hotmail.com"} []
[2022-01-20 16:17:09] app.ERROR: Data from PrestaShop Addons is invalid, and cannot fallback on cache.  {"exception":"Client error response [url] https://api-addons.prestashop.com?format=json&iso_lang=en&iso_code=GR&version=1.7.6.7&shop_url=http%3A%2F%2Flocalhost&method=listing&action=customer&username=olonir%40hotmail.com&password=demodemo [status code] 400 [reason phrase] Bad Request"} []
[2022-01-20 16:17:09] security.DEBUG: Stored the security token in the session. {"key":"_security_main"} []
[2022-01-20 16:17:13] request.INFO: Matched route "admin_module_manage_action". {"route":"admin_module_manage_action","route_parameters":{"_controller":"PrestaShopBundle\\Controller\\Admin\\Improve\\ModuleController::moduleAction","action":"install","module_name":"gmtidy","_route":"admin_module_manage_action"},"request_uri":"http://localhost/presta176/prestadmin/index.php/improve/modules/manage/action/install/gmtidy?_token=kPPaz4dgXlgAk5XbcHT5btPpEoKKQoRZrnhZzDlvoIU","method":"POST"} []
[2022-01-20 16:17:13] security.DEBUG: Read existing security token from the session. {"key":"_security_main","token_class":"Symfony\\Component\\Security\\Core\\Authentication\\Token\\UsernamePasswordToken"} []
[2022-01-20 16:17:13] security.DEBUG: User was reloaded from a user provider. {"provider":"PrestaShopBundle\\Security\\Admin\\EmployeeProvider","username":"olonir@hotmail.com"} []
[2022-01-20 16:17:13] app.ERROR: Data from PrestaShop Addons is invalid, and cannot fallback on cache.  {"exception":"Client error response [url] https://api-addons.prestashop.com?format=json&iso_lang=en&iso_code=GR&version=1.7.6.7&shop_url=http%3A%2F%2Flocalhost&method=listing&action=customer&username=olonir%40hotmail.com&password=demodemo [status code] 400 [reason phrase] Bad Request"} []
[2022-01-20 16:17:13] app.INFO: Protect vendor folder in module gmtidy [] []
[2022-01-20 16:17:13] app.INFO: Module gmtidy has no vendor folder [] []
[2022-01-20 16:17:14] security.DEBUG: Stored the security token in the session. {"key":"_security_main"} []
[2022-01-20 16:17:43] request.INFO: Matched route "admin_module_configure_action". {"route":"admin_module_configure_action","route_parameters":{"_controller":"PrestaShopBundle\\Controller\\Admin\\Improve\\ModuleController::configureModuleAction","_legacy_controller":"AdminModules","module_name":"gmtidy","_route":"admin_module_configure_action"},"request_uri":"http://localhost/presta176/prestadmin/index.php/improve/modules/manage/action/configure/gmtidy?_token=kPPaz4dgXlgAk5XbcHT5btPpEoKKQoRZrnhZzDlvoIU","method":"GET"} []
[2022-01-20 16:17:43] security.DEBUG: Read existing security token from the session. {"key":"_security_main","token_class":"Symfony\\Component\\Security\\Core\\Authentication\\Token\\UsernamePasswordToken"} []
[2022-01-20 16:17:43] security.DEBUG: User was reloaded from a user provider. {"provider":"PrestaShopBundle\\Security\\Admin\\EmployeeProvider","username":"olonir@hotmail.com"} []
[2022-01-20 16:17:45] app.ERROR: Data from PrestaShop Addons is invalid, and cannot fallback on cache.  {"exception":"Client error response [url] https://api-addons.prestashop.com?format=json&iso_lang=en&iso_code=GR&version=1.7.6.7&shop_url=http%3A%2F%2Flocalhost&method=listing&action=customer&username=olonir%40hotmail.com&password=demodemo [status code] 400 [reason phrase] Bad Request"} []
[2022-01-20 16:17:46] security.DEBUG: Stored the security token in the session. {"key":"_security_main"} []
[2022-01-20 16:19:36] request.INFO: Matched route "admin_module_manage". {"route":"admin_module_manage","route_parameters":{"category":null,"keyword":null,"_controller":"PrestaShopBundle\\Controller\\Admin\\Improve\\ModuleController::manageAction","_legacy_controller":"AdminModulesManage","_legacy_link":["AdminModulesManage","AdminModulesSf"],"_route":"admin_module_manage"},"request_uri":"http://localhost/presta176/prestadmin/index.php/improve/modules/manage?_token=kPPaz4dgXlgAk5XbcHT5btPpEoKKQoRZrnhZzDlvoIU","method":"GET"} []
[2022-01-20 16:19:37] security.DEBUG: Read existing security token from the session. {"key":"_security_main","token_class":"Symfony\\Component\\Security\\Core\\Authentication\\Token\\UsernamePasswordToken"} []
[2022-01-20 16:19:37] security.DEBUG: User was reloaded from a user provider. {"provider":"PrestaShopBundle\\Security\\Admin\\EmployeeProvider","username":"olonir@hotmail.com"} []
[2022-01-20 16:19:37] app.ERROR: Data from PrestaShop Addons is invalid, and cannot fallback on cache.  {"exception":"Client error response [url] https://api-addons.prestashop.com?format=json&iso_lang=en&iso_code=GR&version=1.7.6.7&shop_url=http%3A%2F%2Flocalhost&method=listing&action=customer&username=olonir%40hotmail.com&password=demodemo [status code] 400 [reason phrase] Bad Request"} []
[2022-01-20 16:19:39] security.DEBUG: Stored the security token in the session. {"key":"_security_main"} []
[2022-01-20 16:19:40] request.INFO: Matched route "admin_module_notification_count". {"route":"admin_module_notification_count","route_parameters":{"_controller":"PrestaShopBundle\\Controller\\Admin\\Improve\\Modules\\AlertsController::notificationsCountAction","_legacy_controller":"AdminModulesNotifications","_legacy_link":"AdminModulesNotifications:count","_route":"admin_module_notification_count"},"request_uri":"http://localhost/presta176/prestadmin/index.php/improve/modules/alerts/count?_token=kPPaz4dgXlgAk5XbcHT5btPpEoKKQoRZrnhZzDlvoIU","method":"GET"} []
[2022-01-20 16:19:40] security.DEBUG: Read existing security token from the session. {"key":"_security_main","token_class":"Symfony\\Component\\Security\\Core\\Authentication\\Token\\UsernamePasswordToken"} []
[2022-01-20 16:19:40] security.DEBUG: User was reloaded from a user provider. {"provider":"PrestaShopBundle\\Security\\Admin\\EmployeeProvider","username":"olonir@hotmail.com"} []
[2022-01-20 16:19:40] app.ERROR: Data from PrestaShop Addons is invalid, and cannot fallback on cache.  {"exception":"Client error response [url] https://api-addons.prestashop.com?format=json&iso_lang=en&iso_code=GR&version=1.7.6.7&shop_url=http%3A%2F%2Flocalhost&method=listing&action=customer&username=olonir%40hotmail.com&password=demodemo [status code] 400 [reason phrase] Bad Request"} []
[2022-01-20 16:19:41] security.DEBUG: Stored the security token in the session. {"key":"_security_main"} []
[2022-01-20 16:19:47] request.INFO: Matched route "admin_module_catalog_refresh". {"route":"admin_module_catalog_refresh","route_parameters":{"category":null,"keyword":null,"_controller":"PrestaShopBundle\\Controller\\Admin\\Improve\\ModuleController::refreshCatalogAction","_legacy_controller":"AdminModulesCatalog","_legacy_link":"AdminModulesCatalog:refresh","_route":"admin_module_catalog_refresh"},"request_uri":"http://localhost/presta176/prestadmin/index.php/improve/modules/catalog/refresh?_token=kPPaz4dgXlgAk5XbcHT5btPpEoKKQoRZrnhZzDlvoIU","method":"GET"} []
[2022-01-20 16:19:47] security.DEBUG: Read existing security token from the session. {"key":"_security_main","token_class":"Symfony\\Component\\Security\\Core\\Authentication\\Token\\UsernamePasswordToken"} []
[2022-01-20 16:19:47] security.DEBUG: User was reloaded from a user provider. {"provider":"PrestaShopBundle\\Security\\Admin\\EmployeeProvider","username":"olonir@hotmail.com"} []
[2022-01-20 16:19:47] app.ERROR: Data from PrestaShop Addons is invalid, and cannot fallback on cache.  {"exception":"Client error response [url] https://api-addons.prestashop.com?format=json&iso_lang=en&iso_code=GR&version=1.7.6.7&shop_url=http%3A%2F%2Flocalhost&method=listing&action=customer&username=olonir%40hotmail.com&password=demodemo [status code] 400 [reason phrase] Bad Request"} []
[2022-01-20 16:19:48] security.DEBUG: Stored the security token in the session. {"key":"_security_main"} []
[2022-01-20 16:19:47] request.INFO: Matched route "admin_module_notification_count". {"route":"admin_module_notification_count","route_parameters":{"_controller":"PrestaShopBundle\\Controller\\Admin\\Improve\\Modules\\AlertsController::notificationsCountAction","_legacy_controller":"AdminModulesNotifications","_legacy_link":"AdminModulesNotifications:count","_route":"admin_module_notification_count"},"request_uri":"http://localhost/presta176/prestadmin/index.php/improve/modules/alerts/count?_token=kPPaz4dgXlgAk5XbcHT5btPpEoKKQoRZrnhZzDlvoIU","method":"GET"} []
[2022-01-20 16:19:48] security.DEBUG: Read existing security token from the session. {"key":"_security_main","token_class":"Symfony\\Component\\Security\\Core\\Authentication\\Token\\UsernamePasswordToken"} []
[2022-01-20 16:19:48] security.DEBUG: User was reloaded from a user provider. {"provider":"PrestaShopBundle\\Security\\Admin\\EmployeeProvider","username":"olonir@hotmail.com"} []
[2022-01-20 16:19:48] app.ERROR: Data from PrestaShop Addons is invalid, and cannot fallback on cache.  {"exception":"Client error response [url] https://api-addons.prestashop.com?format=json&iso_lang=en&iso_code=GR&version=1.7.6.7&shop_url=http%3A%2F%2Flocalhost&method=listing&action=customer&username=olonir%40hotmail.com&password=demodemo [status code] 400 [reason phrase] Bad Request"} []
[2022-01-20 16:19:48] security.DEBUG: Stored the security token in the session. {"key":"_security_main"} []
[2022-01-20 16:19:51] request.INFO: Matched route "admin_module_manage_action". {"route":"admin_module_manage_action","route_parameters":{"_controller":"PrestaShopBundle\\Controller\\Admin\\Improve\\ModuleController::moduleAction","action":"install","module_name":"pscleaner","_route":"admin_module_manage_action"},"request_uri":"http://localhost/presta176/prestadmin/index.php/improve/modules/manage/action/install/pscleaner?_token=kPPaz4dgXlgAk5XbcHT5btPpEoKKQoRZrnhZzDlvoIU","method":"POST"} []
[2022-01-20 16:19:51] security.DEBUG: Read existing security token from the session. {"key":"_security_main","token_class":"Symfony\\Component\\Security\\Core\\Authentication\\Token\\UsernamePasswordToken"} []
[2022-01-20 16:19:51] security.DEBUG: User was reloaded from a user provider. {"provider":"PrestaShopBundle\\Security\\Admin\\EmployeeProvider","username":"olonir@hotmail.com"} []
[2022-01-20 16:19:51] app.ERROR: Data from PrestaShop Addons is invalid, and cannot fallback on cache.  {"exception":"Client error response [url] https://api-addons.prestashop.com?format=json&iso_lang=en&iso_code=GR&version=1.7.6.7&shop_url=http%3A%2F%2Flocalhost&method=listing&action=customer&username=olonir%40hotmail.com&password=demodemo [status code] 400 [reason phrase] Bad Request"} []
[2022-01-20 16:19:51] app.INFO: Protect vendor folder in module pscleaner [] []
[2022-01-20 16:19:51] security.DEBUG: Stored the security token in the session. {"key":"_security_main"} []
[2022-01-20 16:20:06] request.INFO: Matched route "admin_module_configure_action". {"route":"admin_module_configure_action","route_parameters":{"_controller":"PrestaShopBundle\\Controller\\Admin\\Improve\\ModuleController::configureModuleAction","_legacy_controller":"AdminModules","module_name":"pscleaner","_route":"admin_module_configure_action"},"request_uri":"http://localhost/presta176/prestadmin/index.php/improve/modules/manage/action/configure/pscleaner?_token=kPPaz4dgXlgAk5XbcHT5btPpEoKKQoRZrnhZzDlvoIU","method":"GET"} []
[2022-01-20 16:20:06] security.DEBUG: Read existing security token from the session. {"key":"_security_main","token_class":"Symfony\\Component\\Security\\Core\\Authentication\\Token\\UsernamePasswordToken"} []
[2022-01-20 16:20:06] security.DEBUG: User was reloaded from a user provider. {"provider":"PrestaShopBundle\\Security\\Admin\\EmployeeProvider","username":"olonir@hotmail.com"} []
[2022-01-20 16:20:08] app.ERROR: Data from PrestaShop Addons is invalid, and cannot fallback on cache.  {"exception":"Client error response [url] https://api-addons.prestashop.com?format=json&iso_lang=en&iso_code=GR&version=1.7.6.7&shop_url=http%3A%2F%2Flocalhost&method=listing&action=customer&username=olonir%40hotmail.com&password=demodemo [status code] 400 [reason phrase] Bad Request"} []
[2022-01-20 16:20:08] security.DEBUG: Stored the security token in the session. {"key":"_security_main"} []
[2022-01-20 16:24:49] request.INFO: Matched route "admin_module_catalog_refresh". {"route":"admin_module_catalog_refresh","route_parameters":{"category":null,"keyword":null,"_controller":"PrestaShopBundle\\Controller\\Admin\\Improve\\ModuleController::refreshCatalogAction","_legacy_controller":"AdminModulesCatalog","_legacy_link":"AdminModulesCatalog:refresh","_route":"admin_module_catalog_refresh"},"request_uri":"http://localhost/presta176/prestadmin/index.php/improve/modules/catalog/refresh?_token=kPPaz4dgXlgAk5XbcHT5btPpEoKKQoRZrnhZzDlvoIU","method":"GET"} []
[2022-01-20 16:24:49] security.DEBUG: Read existing security token from the session. {"key":"_security_main","token_class":"Symfony\\Component\\Security\\Core\\Authentication\\Token\\UsernamePasswordToken"} []
[2022-01-20 16:24:49] security.DEBUG: User was reloaded from a user provider. {"provider":"PrestaShopBundle\\Security\\Admin\\EmployeeProvider","username":"olonir@hotmail.com"} []
[2022-01-20 16:24:49] app.ERROR: Data from PrestaShop Addons is invalid, and cannot fallback on cache.  {"exception":"Client error response [url] https://api-addons.prestashop.com?format=json&iso_lang=en&iso_code=GR&version=1.7.6.7&shop_url=http%3A%2F%2Flocalhost&method=listing&action=customer&username=olonir%40hotmail.com&password=demodemo [status code] 400 [reason phrase] Bad Request"} []
[2022-01-20 16:24:50] security.DEBUG: Stored the security token in the session. {"key":"_security_main"} []
[2022-01-20 16:24:49] request.INFO: Matched route "admin_module_notification_count". {"route":"admin_module_notification_count","route_parameters":{"_controller":"PrestaShopBundle\\Controller\\Admin\\Improve\\Modules\\AlertsController::notificationsCountAction","_legacy_controller":"AdminModulesNotifications","_legacy_link":"AdminModulesNotifications:count","_route":"admin_module_notification_count"},"request_uri":"http://localhost/presta176/prestadmin/index.php/improve/modules/alerts/count?_token=kPPaz4dgXlgAk5XbcHT5btPpEoKKQoRZrnhZzDlvoIU","method":"GET"} []
[2022-01-20 16:24:50] security.DEBUG: Read existing security token from the session. {"key":"_security_main","token_class":"Symfony\\Component\\Security\\Core\\Authentication\\Token\\UsernamePasswordToken"} []
[2022-01-20 16:24:50] security.DEBUG: User was reloaded from a user provider. {"provider":"PrestaShopBundle\\Security\\Admin\\EmployeeProvider","username":"olonir@hotmail.com"} []
[2022-01-20 16:24:50] app.ERROR: Data from PrestaShop Addons is invalid, and cannot fallback on cache.  {"exception":"Client error response [url] https://api-addons.prestashop.com?format=json&iso_lang=en&iso_code=GR&version=1.7.6.7&shop_url=http%3A%2F%2Flocalhost&method=listing&action=customer&username=olonir%40hotmail.com&password=demodemo [status code] 400 [reason phrase] Bad Request"} []
[2022-01-20 16:24:50] security.DEBUG: Stored the security token in the session. {"key":"_security_main"} []
[2022-01-20 16:24:57] request.INFO: Matched route "admin_module_manage". {"route":"admin_module_manage","route_parameters":{"category":null,"keyword":null,"_controller":"PrestaShopBundle\\Controller\\Admin\\Improve\\ModuleController::manageAction","_legacy_controller":"AdminModulesManage","_legacy_link":["AdminModulesManage","AdminModulesSf"],"_route":"admin_module_manage"},"request_uri":"http://localhost/presta176/prestadmin/index.php/improve/modules/manage?_token=kPPaz4dgXlgAk5XbcHT5btPpEoKKQoRZrnhZzDlvoIU","method":"GET"} []
[2022-01-20 16:24:57] security.DEBUG: Read existing security token from the session. {"key":"_security_main","token_class":"Symfony\\Component\\Security\\Core\\Authentication\\Token\\UsernamePasswordToken"} []
[2022-01-20 16:24:57] security.DEBUG: User was reloaded from a user provider. {"provider":"PrestaShopBundle\\Security\\Admin\\EmployeeProvider","username":"olonir@hotmail.com"} []
[2022-01-20 16:24:57] app.ERROR: Data from PrestaShop Addons is invalid, and cannot fallback on cache.  {"exception":"Client error response [url] https://api-addons.prestashop.com?format=json&iso_lang=en&iso_code=GR&version=1.7.6.7&shop_url=http%3A%2F%2Flocalhost&method=listing&action=customer&username=olonir%40hotmail.com&password=demodemo [status code] 400 [reason phrase] Bad Request"} []
[2022-01-20 16:24:58] security.DEBUG: Stored the security token in the session. {"key":"_security_main"} []
[2022-01-20 16:24:59] request.INFO: Matched route "admin_module_notification_count". {"route":"admin_module_notification_count","route_parameters":{"_controller":"PrestaShopBundle\\Controller\\Admin\\Improve\\Modules\\AlertsController::notificationsCountAction","_legacy_controller":"AdminModulesNotifications","_legacy_link":"AdminModulesNotifications:count","_route":"admin_module_notification_count"},"request_uri":"http://localhost/presta176/prestadmin/index.php/improve/modules/alerts/count?_token=kPPaz4dgXlgAk5XbcHT5btPpEoKKQoRZrnhZzDlvoIU","method":"GET"} []
[2022-01-20 16:24:59] security.DEBUG: Read existing security token from the session. {"key":"_security_main","token_class":"Symfony\\Component\\Security\\Core\\Authentication\\Token\\UsernamePasswordToken"} []
[2022-01-20 16:24:59] security.DEBUG: User was reloaded from a user provider. {"provider":"PrestaShopBundle\\Security\\Admin\\EmployeeProvider","username":"olonir@hotmail.com"} []
[2022-01-20 16:24:59] app.ERROR: Data from PrestaShop Addons is invalid, and cannot fallback on cache.  {"exception":"Client error response [url] https://api-addons.prestashop.com?format=json&iso_lang=en&iso_code=GR&version=1.7.6.7&shop_url=http%3A%2F%2Flocalhost&method=listing&action=customer&username=olonir%40hotmail.com&password=demodemo [status code] 400 [reason phrase] Bad Request"} []
[2022-01-20 16:25:00] security.DEBUG: Stored the security token in the session. {"key":"_security_main"} []
[2022-01-20 16:25:06] request.INFO: Matched route "admin_module_configure_action". {"route":"admin_module_configure_action","route_parameters":{"_controller":"PrestaShopBundle\\Controller\\Admin\\Improve\\ModuleController::configureModuleAction","_legacy_controller":"AdminModules","module_name":"pscleaner","_route":"admin_module_configure_action"},"request_uri":"http://localhost/presta176/prestadmin/index.php/improve/modules/manage/action/configure/pscleaner?_token=kPPaz4dgXlgAk5XbcHT5btPpEoKKQoRZrnhZzDlvoIU","method":"GET"} []
[2022-01-20 16:25:06] security.DEBUG: Read existing security token from the session. {"key":"_security_main","token_class":"Symfony\\Component\\Security\\Core\\Authentication\\Token\\UsernamePasswordToken"} []
[2022-01-20 16:25:06] security.DEBUG: User was reloaded from a user provider. {"provider":"PrestaShopBundle\\Security\\Admin\\EmployeeProvider","username":"olonir@hotmail.com"} []
[2022-01-20 16:25:06] app.ERROR: Data from PrestaShop Addons is invalid, and cannot fallback on cache.  {"exception":"Client error response [url] https://api-addons.prestashop.com?format=json&iso_lang=en&iso_code=GR&version=1.7.6.7&shop_url=http%3A%2F%2Flocalhost&method=listing&action=customer&username=olonir%40hotmail.com&password=demodemo [status code] 400 [reason phrase] Bad Request"} []
[2022-01-20 16:25:06] security.DEBUG: Stored the security token in the session. {"key":"_security_main"} []
